[debug] [2023-12-21T23:58:46.819Z] ----------------------------------------------------------------------
[debug] [2023-12-21T23:58:46.825Z] Command:       /opt/homebrew/Cellar/node/21.3.0/bin/node /opt/homebrew/bin/firebase emulators:start
[debug] [2023-12-21T23:58:46.826Z] CLI Version:   13.0.2
[debug] [2023-12-21T23:58:46.826Z] Platform:      darwin
[debug] [2023-12-21T23:58:46.826Z] Node Version:  v21.3.0
[debug] [2023-12-21T23:58:46.826Z] Time:          Thu Dec 21 2023 23:58:46 GMT+0000 (Greenwich Mean Time)
[debug] [2023-12-21T23:58:46.826Z] ----------------------------------------------------------------------
[debug] 
[debug] [2023-12-21T23:58:46.880Z] > command requires scopes: ["email","openid","https://www.googleapis.com/auth/cloudplatformprojects.readonly","https://www.googleapis.com/auth/firebase","https://www.googleapis.com/auth/cloud-platform"]
[debug] [2023-12-21T23:58:46.880Z] > authorizing via signed-in user (cole@pawsofpride.com)
[debug] [2023-12-21T23:58:46.970Z] java version "21.0.1" 2023-10-17 LTS

[debug] [2023-12-21T23:58:46.970Z] Java(TM) SE Runtime Environment (build 21.0.1+12-LTS-29)
Java HotSpot(TM) 64-Bit Server VM (build 21.0.1+12-LTS-29, mixed mode, sharing)

[debug] [2023-12-21T23:58:46.973Z] Parsed Java major version: 21
[info] i  emulators: Starting emulators: database {"metadata":{"emulator":{"name":"hub"},"message":"Starting emulators: database"}}
[debug] [2023-12-21T23:58:47.159Z] [logging] Logging Emulator only supports listening on one address (127.0.0.1). Not listening on ::1
[debug] [2023-12-21T23:58:47.159Z] [database] Database Emulator only supports listening on one address (127.0.0.1). Not listening on ::1
[debug] [2023-12-21T23:58:47.159Z] assigned listening specs for emulators {"user":{"hub":[{"address":"127.0.0.1","family":"IPv4","port":4400},{"address":"::1","family":"IPv6","port":4400}],"ui":[{"address":"127.0.0.1","family":"IPv4","port":4000},{"address":"::1","family":"IPv6","port":4000}],"logging":[{"address":"127.0.0.1","family":"IPv4","port":4500}],"database":[{"address":"127.0.0.1","family":"IPv4","port":9000}]},"metadata":{"message":"assigned listening specs for emulators"}}
[debug] [2023-12-21T23:58:47.163Z] [hub] writing locator at /var/folders/3s/4nslw1050r338y0tlt77s6mr0000gn/T/hub-aoede-f00ec.json
[debug] [2023-12-21T23:58:47.171Z] >>> [apiv2][query] GET https://firebase.googleapis.com/v1beta1/projects/aoede-f00ec [none]
[debug] [2023-12-21T23:58:47.781Z] <<< [apiv2][status] GET https://firebase.googleapis.com/v1beta1/projects/aoede-f00ec 200
[debug] [2023-12-21T23:58:47.781Z] <<< [apiv2][body] GET https://firebase.googleapis.com/v1beta1/projects/aoede-f00ec {"projectId":"aoede-f00ec","projectNumber":"29763499477","displayName":"aoede","name":"projects/aoede-f00ec","resources":{"hostingSite":"aoede-f00ec","realtimeDatabaseInstance":"aoede-f00ec-default-rtdb"},"state":"ACTIVE","etag":"1_ffbc0f35-fc76-4c8a-8c77-a372b5dac7f6"}
[debug] [2023-12-21T23:58:47.782Z] database rules config:  []
[warn] ⚠  database: Did not find a Realtime Database rules file specified in a firebase.json config file. The emulator will default to allowing all reads and writes. Learn more about this option: https://firebase.google.com/docs/emulator-suite/install_and_configure#security_rules_configuration. {"metadata":{"emulator":{"name":"database"},"message":"Did not find a Realtime Database rules file specified in a firebase.json config file. The emulator will default to allowing all reads and writes. Learn more about this option: https://firebase.google.com/docs/emulator-suite/install_and_configure#security_rules_configuration."}}
[debug] [2023-12-21T23:58:47.785Z] Ignoring unsupported arg: projectId {"metadata":{"emulator":{"name":"database"},"message":"Ignoring unsupported arg: projectId"}}
[debug] [2023-12-21T23:58:47.786Z] Ignoring unsupported arg: auto_download {"metadata":{"emulator":{"name":"database"},"message":"Ignoring unsupported arg: auto_download"}}
[debug] [2023-12-21T23:58:47.786Z] Ignoring unsupported arg: rules {"metadata":{"emulator":{"name":"database"},"message":"Ignoring unsupported arg: rules"}}
[debug] [2023-12-21T23:58:47.786Z] Starting Database Emulator with command {"binary":"java","args":["-Duser.language=en","-jar","/Users/colelee/.cache/firebase/emulators/firebase-database-emulator-v4.11.2.jar","--host","127.0.0.1","--port",9000,"--single_project_mode","Warning"],"optionalArgs":["port","host","functions_emulator_port","functions_emulator_host","single_project_mode"],"joinArgs":false} {"metadata":{"emulator":{"name":"database"},"message":"Starting Database Emulator with command {\"binary\":\"java\",\"args\":[\"-Duser.language=en\",\"-jar\",\"/Users/colelee/.cache/firebase/emulators/firebase-database-emulator-v4.11.2.jar\",\"--host\",\"127.0.0.1\",\"--port\",9000,\"--single_project_mode\",\"Warning\"],\"optionalArgs\":[\"port\",\"host\",\"functions_emulator_port\",\"functions_emulator_host\",\"single_project_mode\"],\"joinArgs\":false}"}}
[info] i  database: Database Emulator logging to database-debug.log {"metadata":{"emulator":{"name":"database"},"message":"Database Emulator logging to \u001b[1mdatabase-debug.log\u001b[22m"}}
[debug] [2023-12-21T23:58:48.696Z] 23:58:48.695 [NamespaceSystem-akka.actor.default-dispatcher-4] INFO akka.event.slf4j.Slf4jLogger - Slf4jLogger started
 {"metadata":{"emulator":{"name":"database"},"message":"23:58:48.695 [NamespaceSystem-akka.actor.default-dispatcher-4] INFO akka.event.slf4j.Slf4jLogger - Slf4jLogger started\n"}}
[debug] [2023-12-21T23:58:48.791Z] 23:58:48.790 [main] INFO com.firebase.server.forge.App$ - Listening at 127.0.0.1:9000
 {"metadata":{"emulator":{"name":"database"},"message":"23:58:48.790 [main] INFO com.firebase.server.forge.App$ - Listening at 127.0.0.1:9000\n"}}
[info] i  ui: downloading ui-v1.11.7.zip... {"metadata":{"emulator":{"name":"ui"},"message":"downloading ui-v1.11.7.zip..."}}
[debug] [2023-12-21T23:58:49.058Z] >>> [apiv2][query] GET https://storage.googleapis.com/firebase-preview-drop/emulator/ui-v1.11.7.zip 
[debug] [2023-12-21T23:58:49.143Z] <<< [apiv2][status] GET https://storage.googleapis.com/firebase-preview-drop/emulator/ui-v1.11.7.zip 200
[debug] [2023-12-21T23:58:49.144Z] <<< [apiv2][body] GET https://storage.googleapis.com/firebase-preview-drop/emulator/ui-v1.11.7.zip [stream]
[debug] [2023-12-21T23:58:49.324Z] Data is 3064105
[debug] [2023-12-21T23:58:49.324Z] [unzip] Entry: client/ (compressed_size=0 bytes, uncompressed_size=0 bytes)
[debug] [2023-12-21T23:58:49.324Z] [unzip] Processing entry: client/
[debug] [2023-12-21T23:58:49.324Z] [unzip] mkdir: /Users/colelee/.cache/firebase/emulators/ui-v1.11.7/client/
[debug] [2023-12-21T23:58:49.324Z] [unzip] Entry: client/favicon.ico (compressed_size=2497 bytes, uncompressed_size=7406 bytes)
[debug] [2023-12-21T23:58:49.324Z] [unzip] Processing entry: client/favicon.ico
[debug] [2023-12-21T23:58:49.324Z] [unzip] else mkdir: /Users/colelee/.cache/firebase/emulators/ui-v1.11.7/client
[debug] [2023-12-21T23:58:49.324Z] [unzip] deflating: /Users/colelee/.cache/firebase/emulators/ui-v1.11.7/client/favicon.ico
[debug] [2023-12-21T23:58:49.327Z] [unzip] Entry: client/apple-touch-icon.png (compressed_size=7231 bytes, uncompressed_size=7367 bytes)
[debug] [2023-12-21T23:58:49.327Z] [unzip] Processing entry: client/apple-touch-icon.png
[debug] [2023-12-21T23:58:49.327Z] [unzip] else mkdir: /Users/colelee/.cache/firebase/emulators/ui-v1.11.7/client
[debug] [2023-12-21T23:58:49.327Z] [unzip] deflating: /Users/colelee/.cache/firebase/emulators/ui-v1.11.7/client/apple-touch-icon.png
[debug] [2023-12-21T23:58:49.328Z] [unzip] Entry: client/android-chrome-512x512.png (compressed_size=16987 bytes, uncompressed_size=18186 bytes)
[debug] [2023-12-21T23:58:49.328Z] [unzip] Processing entry: client/android-chrome-512x512.png
[debug] [2023-12-21T23:58:49.328Z] [unzip] else mkdir: /Users/colelee/.cache/firebase/emulators/ui-v1.11.7/client
[debug] [2023-12-21T23:58:49.328Z] [unzip] deflating: /Users/colelee/.cache/firebase/emulators/ui-v1.11.7/client/android-chrome-512x512.png
[debug] [2023-12-21T23:58:49.328Z] [unzip] Entry: client/assets/ (compressed_size=0 bytes, uncompressed_size=0 bytes)
[debug] [2023-12-21T23:58:49.328Z] [unzip] Processing entry: client/assets/
[debug] [2023-12-21T23:58:49.328Z] [unzip] mkdir: /Users/colelee/.cache/firebase/emulators/ui-v1.11.7/client/assets/
[debug] [2023-12-21T23:58:49.328Z] [unzip] Entry: client/assets/extensions/ (compressed_size=0 bytes, uncompressed_size=0 bytes)
[debug] [2023-12-21T23:58:49.328Z] [unzip] Processing entry: client/assets/extensions/
[debug] [2023-12-21T23:58:49.328Z] [unzip] mkdir: /Users/colelee/.cache/firebase/emulators/ui-v1.11.7/client/assets/extensions/
[debug] [2023-12-21T23:58:49.328Z] [unzip] Entry: client/assets/extensions/default-extension.png (compressed_size=1646 bytes, uncompressed_size=1657 bytes)
[debug] [2023-12-21T23:58:49.328Z] [unzip] Processing entry: client/assets/extensions/default-extension.png
[debug] [2023-12-21T23:58:49.328Z] [unzip] else mkdir: /Users/colelee/.cache/firebase/emulators/ui-v1.11.7/client/assets/extensions
[debug] [2023-12-21T23:58:49.328Z] [unzip] deflating: /Users/colelee/.cache/firebase/emulators/ui-v1.11.7/client/assets/extensions/default-extension.png
[debug] [2023-12-21T23:58:49.329Z] [unzip] Entry: client/assets/index.58ca09f7.css (compressed_size=37601 bytes, uncompressed_size=321252 bytes)
[debug] [2023-12-21T23:58:49.329Z] [unzip] Processing entry: client/assets/index.58ca09f7.css
[debug] [2023-12-21T23:58:49.329Z] [unzip] else mkdir: /Users/colelee/.cache/firebase/emulators/ui-v1.11.7/client/assets
[debug] [2023-12-21T23:58:49.329Z] [unzip] deflating: /Users/colelee/.cache/firebase/emulators/ui-v1.11.7/client/assets/index.58ca09f7.css
[debug] [2023-12-21T23:58:49.330Z] [unzip] Entry: client/assets/index.c2583d42.js (compressed_size=526232 bytes, uncompressed_size=1860152 bytes)
[debug] [2023-12-21T23:58:49.330Z] [unzip] Processing entry: client/assets/index.c2583d42.js
[debug] [2023-12-21T23:58:49.330Z] [unzip] else mkdir: /Users/colelee/.cache/firebase/emulators/ui-v1.11.7/client/assets
[debug] [2023-12-21T23:58:49.330Z] [unzip] deflating: /Users/colelee/.cache/firebase/emulators/ui-v1.11.7/client/assets/index.c2583d42.js
[debug] [2023-12-21T23:58:49.353Z] [unzip] Entry: client/assets/provider-icons/ (compressed_size=0 bytes, uncompressed_size=0 bytes)
[debug] [2023-12-21T23:58:49.353Z] [unzip] Processing entry: client/assets/provider-icons/
[debug] [2023-12-21T23:58:49.353Z] [unzip] mkdir: /Users/colelee/.cache/firebase/emulators/ui-v1.11.7/client/assets/provider-icons/
[debug] [2023-12-21T23:58:49.353Z] [unzip] Entry: client/assets/provider-icons/auth_service_oidc.svg (compressed_size=414 bytes, uncompressed_size=858 bytes)
[debug] [2023-12-21T23:58:49.353Z] [unzip] Processing entry: client/assets/provider-icons/auth_service_oidc.svg
[debug] [2023-12-21T23:58:49.353Z] [unzip] else mkdir: /Users/colelee/.cache/firebase/emulators/ui-v1.11.7/client/assets/provider-icons
[debug] [2023-12-21T23:58:49.353Z] [unzip] deflating: /Users/colelee/.cache/firebase/emulators/ui-v1.11.7/client/assets/provider-icons/auth_service_oidc.svg
[debug] [2023-12-21T23:58:49.354Z] [unzip] Entry: client/assets/provider-icons/auth_service_yahoo.svg (compressed_size=577 bytes, uncompressed_size=1182 bytes)
[debug] [2023-12-21T23:58:49.354Z] [unzip] Processing entry: client/assets/provider-icons/auth_service_yahoo.svg
[debug] [2023-12-21T23:58:49.354Z] [unzip] else mkdir: /Users/colelee/.cache/firebase/emulators/ui-v1.11.7/client/assets/provider-icons
[debug] [2023-12-21T23:58:49.354Z] [unzip] deflating: /Users/colelee/.cache/firebase/emulators/ui-v1.11.7/client/assets/provider-icons/auth_service_yahoo.svg
[debug] [2023-12-21T23:58:49.354Z] [unzip] Entry: client/assets/provider-icons/auth_service_phone.svg (compressed_size=261 bytes, uncompressed_size=414 bytes)
[debug] [2023-12-21T23:58:49.354Z] [unzip] Processing entry: client/assets/provider-icons/auth_service_phone.svg
[debug] [2023-12-21T23:58:49.354Z] [unzip] else mkdir: /Users/colelee/.cache/firebase/emulators/ui-v1.11.7/client/assets/provider-icons
[debug] [2023-12-21T23:58:49.354Z] [unzip] deflating: /Users/colelee/.cache/firebase/emulators/ui-v1.11.7/client/assets/provider-icons/auth_service_phone.svg
[debug] [2023-12-21T23:58:49.355Z] [unzip] Entry: client/assets/provider-icons/auth_service_saml.svg (compressed_size=575 bytes, uncompressed_size=1226 bytes)
[debug] [2023-12-21T23:58:49.355Z] [unzip] Processing entry: client/assets/provider-icons/auth_service_saml.svg
[debug] [2023-12-21T23:58:49.355Z] [unzip] else mkdir: /Users/colelee/.cache/firebase/emulators/ui-v1.11.7/client/assets/provider-icons
[debug] [2023-12-21T23:58:49.355Z] [unzip] deflating: /Users/colelee/.cache/firebase/emulators/ui-v1.11.7/client/assets/provider-icons/auth_service_saml.svg
[debug] [2023-12-21T23:58:49.355Z] [unzip] Entry: client/assets/provider-icons/auth_service_mslive.svg (compressed_size=203 bytes, uncompressed_size=378 bytes)
[debug] [2023-12-21T23:58:49.355Z] [unzip] Processing entry: client/assets/provider-icons/auth_service_mslive.svg
[debug] [2023-12-21T23:58:49.355Z] [unzip] else mkdir: /Users/colelee/.cache/firebase/emulators/ui-v1.11.7/client/assets/provider-icons
[debug] [2023-12-21T23:58:49.355Z] [unzip] deflating: /Users/colelee/.cache/firebase/emulators/ui-v1.11.7/client/assets/provider-icons/auth_service_mslive.svg
[debug] [2023-12-21T23:58:49.355Z] [unzip] Entry: client/assets/provider-icons/auth_service_facebook.svg (compressed_size=289 bytes, uncompressed_size=457 bytes)
[debug] [2023-12-21T23:58:49.355Z] [unzip] Processing entry: client/assets/provider-icons/auth_service_facebook.svg
[debug] [2023-12-21T23:58:49.355Z] [unzip] else mkdir: /Users/colelee/.cache/firebase/emulators/ui-v1.11.7/client/assets/provider-icons
[debug] [2023-12-21T23:58:49.355Z] [unzip] deflating: /Users/colelee/.cache/firebase/emulators/ui-v1.11.7/client/assets/provider-icons/auth_service_facebook.svg
[debug] [2023-12-21T23:58:49.356Z] [unzip] Entry: client/assets/provider-icons/auth_service_play_games.svg (compressed_size=565 bytes, uncompressed_size=1173 bytes)
[debug] [2023-12-21T23:58:49.356Z] [unzip] Processing entry: client/assets/provider-icons/auth_service_play_games.svg
[debug] [2023-12-21T23:58:49.356Z] [unzip] else mkdir: /Users/colelee/.cache/firebase/emulators/ui-v1.11.7/client/assets/provider-icons
[debug] [2023-12-21T23:58:49.356Z] [unzip] deflating: /Users/colelee/.cache/firebase/emulators/ui-v1.11.7/client/assets/provider-icons/auth_service_play_games.svg
[debug] [2023-12-21T23:58:49.356Z] [unzip] Entry: client/assets/provider-icons/auth_service_github.svg (compressed_size=466 bytes, uncompressed_size=838 bytes)
[debug] [2023-12-21T23:58:49.356Z] [unzip] Processing entry: client/assets/provider-icons/auth_service_github.svg
[debug] [2023-12-21T23:58:49.356Z] [unzip] else mkdir: /Users/colelee/.cache/firebase/emulators/ui-v1.11.7/client/assets/provider-icons
[debug] [2023-12-21T23:58:49.356Z] [unzip] deflating: /Users/colelee/.cache/firebase/emulators/ui-v1.11.7/client/assets/provider-icons/auth_service_github.svg
[debug] [2023-12-21T23:58:49.356Z] [unzip] Entry: client/assets/provider-icons/auth_service_apple.svg (compressed_size=230 bytes, uncompressed_size=334 bytes)
[debug] [2023-12-21T23:58:49.356Z] [unzip] Processing entry: client/assets/provider-icons/auth_service_apple.svg
[debug] [2023-12-21T23:58:49.356Z] [unzip] else mkdir: /Users/colelee/.cache/firebase/emulators/ui-v1.11.7/client/assets/provider-icons
[debug] [2023-12-21T23:58:49.356Z] [unzip] deflating: /Users/colelee/.cache/firebase/emulators/ui-v1.11.7/client/assets/provider-icons/auth_service_apple.svg
[debug] [2023-12-21T23:58:49.356Z] [unzip] Entry: client/assets/provider-icons/auth_service_google.svg (compressed_size=409 bytes, uncompressed_size=720 bytes)
[debug] [2023-12-21T23:58:49.357Z] [unzip] Processing entry: client/assets/provider-icons/auth_service_google.svg
[debug] [2023-12-21T23:58:49.357Z] [unzip] else mkdir: /Users/colelee/.cache/firebase/emulators/ui-v1.11.7/client/assets/provider-icons
[debug] [2023-12-21T23:58:49.357Z] [unzip] deflating: /Users/colelee/.cache/firebase/emulators/ui-v1.11.7/client/assets/provider-icons/auth_service_google.svg
[debug] [2023-12-21T23:58:49.357Z] [unzip] Entry: client/assets/provider-icons/auth_service_email.svg (compressed_size=228 bytes, uncompressed_size=326 bytes)
[debug] [2023-12-21T23:58:49.357Z] [unzip] Processing entry: client/assets/provider-icons/auth_service_email.svg
[debug] [2023-12-21T23:58:49.357Z] [unzip] else mkdir: /Users/colelee/.cache/firebase/emulators/ui-v1.11.7/client/assets/provider-icons
[debug] [2023-12-21T23:58:49.357Z] [unzip] deflating: /Users/colelee/.cache/firebase/emulators/ui-v1.11.7/client/assets/provider-icons/auth_service_email.svg
[debug] [2023-12-21T23:58:49.357Z] [unzip] Entry: client/assets/provider-icons/auth_service_twitter.svg (compressed_size=444 bytes, uncompressed_size=751 bytes)
[debug] [2023-12-21T23:58:49.357Z] [unzip] Processing entry: client/assets/provider-icons/auth_service_twitter.svg
[debug] [2023-12-21T23:58:49.357Z] [unzip] else mkdir: /Users/colelee/.cache/firebase/emulators/ui-v1.11.7/client/assets/provider-icons
[debug] [2023-12-21T23:58:49.357Z] [unzip] deflating: /Users/colelee/.cache/firebase/emulators/ui-v1.11.7/client/assets/provider-icons/auth_service_twitter.svg
[debug] [2023-12-21T23:58:49.357Z] [unzip] Entry: client/assets/provider-icons/auth_service_game_center.svg (compressed_size=991 bytes, uncompressed_size=3921 bytes)
[debug] [2023-12-21T23:58:49.357Z] [unzip] Processing entry: client/assets/provider-icons/auth_service_game_center.svg
[debug] [2023-12-21T23:58:49.357Z] [unzip] else mkdir: /Users/colelee/.cache/firebase/emulators/ui-v1.11.7/client/assets/provider-icons
[debug] [2023-12-21T23:58:49.357Z] [unzip] deflating: /Users/colelee/.cache/firebase/emulators/ui-v1.11.7/client/assets/provider-icons/auth_service_game_center.svg
[debug] [2023-12-21T23:58:49.358Z] [unzip] Entry: client/assets/index.c2583d42.js.map (compressed_size=1778557 bytes, uncompressed_size=7961927 bytes)
[debug] [2023-12-21T23:58:49.358Z] [unzip] Processing entry: client/assets/index.c2583d42.js.map
[debug] [2023-12-21T23:58:49.358Z] [unzip] else mkdir: /Users/colelee/.cache/firebase/emulators/ui-v1.11.7/client/assets
[debug] [2023-12-21T23:58:49.358Z] [unzip] deflating: /Users/colelee/.cache/firebase/emulators/ui-v1.11.7/client/assets/index.c2583d42.js.map
[debug] [2023-12-21T23:58:49.392Z] [unzip] Entry: client/assets/img/ (compressed_size=0 bytes, uncompressed_size=0 bytes)
[debug] [2023-12-21T23:58:49.392Z] [unzip] Processing entry: client/assets/img/
[debug] [2023-12-21T23:58:49.392Z] [unzip] mkdir: /Users/colelee/.cache/firebase/emulators/ui-v1.11.7/client/assets/img/
[debug] [2023-12-21T23:58:49.392Z] [unzip] Entry: client/assets/img/database.png (compressed_size=29449 bytes, uncompressed_size=29988 bytes)
[debug] [2023-12-21T23:58:49.392Z] [unzip] Processing entry: client/assets/img/database.png
[debug] [2023-12-21T23:58:49.392Z] [unzip] else mkdir: /Users/colelee/.cache/firebase/emulators/ui-v1.11.7/client/assets/img
[debug] [2023-12-21T23:58:49.392Z] [unzip] deflating: /Users/colelee/.cache/firebase/emulators/ui-v1.11.7/client/assets/img/database.png
[debug] [2023-12-21T23:58:49.393Z] [unzip] Entry: client/safari-pinned-tab.svg (compressed_size=838 bytes, uncompressed_size=1504 bytes)
[debug] [2023-12-21T23:58:49.393Z] [unzip] Processing entry: client/safari-pinned-tab.svg
[debug] [2023-12-21T23:58:49.393Z] [unzip] else mkdir: /Users/colelee/.cache/firebase/emulators/ui-v1.11.7/client
[debug] [2023-12-21T23:58:49.393Z] [unzip] deflating: /Users/colelee/.cache/firebase/emulators/ui-v1.11.7/client/safari-pinned-tab.svg
[debug] [2023-12-21T23:58:49.393Z] [unzip] Entry: client/mstile-150x150.png (compressed_size=5406 bytes, uncompressed_size=5723 bytes)
[debug] [2023-12-21T23:58:49.393Z] [unzip] Processing entry: client/mstile-150x150.png
[debug] [2023-12-21T23:58:49.393Z] [unzip] else mkdir: /Users/colelee/.cache/firebase/emulators/ui-v1.11.7/client
[debug] [2023-12-21T23:58:49.393Z] [unzip] deflating: /Users/colelee/.cache/firebase/emulators/ui-v1.11.7/client/mstile-150x150.png
[debug] [2023-12-21T23:58:49.393Z] [unzip] Entry: client/browserconfig.xml (compressed_size=491 bytes, uncompressed_size=822 bytes)
[debug] [2023-12-21T23:58:49.393Z] [unzip] Processing entry: client/browserconfig.xml
[debug] [2023-12-21T23:58:49.393Z] [unzip] else mkdir: /Users/colelee/.cache/firebase/emulators/ui-v1.11.7/client
[debug] [2023-12-21T23:58:49.393Z] [unzip] deflating: /Users/colelee/.cache/firebase/emulators/ui-v1.11.7/client/browserconfig.xml
[debug] [2023-12-21T23:58:49.394Z] [unzip] Entry: client/robots.txt (compressed_size=26 bytes, uncompressed_size=26 bytes)
[debug] [2023-12-21T23:58:49.394Z] [unzip] Processing entry: client/robots.txt
[debug] [2023-12-21T23:58:49.394Z] [unzip] else mkdir: /Users/colelee/.cache/firebase/emulators/ui-v1.11.7/client
[debug] [2023-12-21T23:58:49.394Z] [unzip] Writing file: /Users/colelee/.cache/firebase/emulators/ui-v1.11.7/client/robots.txt
[debug] [2023-12-21T23:58:49.394Z] [unzip] Entry: client/index.html (compressed_size=1363 bytes, uncompressed_size=3064 bytes)
[debug] [2023-12-21T23:58:49.394Z] [unzip] Processing entry: client/index.html
[debug] [2023-12-21T23:58:49.394Z] [unzip] else mkdir: /Users/colelee/.cache/firebase/emulators/ui-v1.11.7/client
[debug] [2023-12-21T23:58:49.394Z] [unzip] deflating: /Users/colelee/.cache/firebase/emulators/ui-v1.11.7/client/index.html
[debug] [2023-12-21T23:58:49.395Z] [unzip] Entry: client/favicon-16x16.png (compressed_size=757 bytes, uncompressed_size=777 bytes)
[debug] [2023-12-21T23:58:49.395Z] [unzip] Processing entry: client/favicon-16x16.png
[debug] [2023-12-21T23:58:49.395Z] [unzip] else mkdir: /Users/colelee/.cache/firebase/emulators/ui-v1.11.7/client
[debug] [2023-12-21T23:58:49.395Z] [unzip] deflating: /Users/colelee/.cache/firebase/emulators/ui-v1.11.7/client/favicon-16x16.png
[debug] [2023-12-21T23:58:49.395Z] [unzip] Entry: client/manifest.json (compressed_size=246 bytes, uncompressed_size=551 bytes)
[debug] [2023-12-21T23:58:49.395Z] [unzip] Processing entry: client/manifest.json
[debug] [2023-12-21T23:58:49.395Z] [unzip] else mkdir: /Users/colelee/.cache/firebase/emulators/ui-v1.11.7/client
[debug] [2023-12-21T23:58:49.396Z] [unzip] deflating: /Users/colelee/.cache/firebase/emulators/ui-v1.11.7/client/manifest.json
[debug] [2023-12-21T23:58:49.396Z] [unzip] Entry: client/favicon-32x32.png (compressed_size=1175 bytes, uncompressed_size=1175 bytes)
[debug] [2023-12-21T23:58:49.396Z] [unzip] Processing entry: client/favicon-32x32.png
[debug] [2023-12-21T23:58:49.396Z] [unzip] else mkdir: /Users/colelee/.cache/firebase/emulators/ui-v1.11.7/client
[debug] [2023-12-21T23:58:49.396Z] [unzip] Writing file: /Users/colelee/.cache/firebase/emulators/ui-v1.11.7/client/favicon-32x32.png
[debug] [2023-12-21T23:58:49.396Z] [unzip] Entry: client/android-chrome-192x192.png (compressed_size=7602 bytes, uncompressed_size=7834 bytes)
[debug] [2023-12-21T23:58:49.396Z] [unzip] Processing entry: client/android-chrome-192x192.png
[debug] [2023-12-21T23:58:49.396Z] [unzip] else mkdir: /Users/colelee/.cache/firebase/emulators/ui-v1.11.7/client
[debug] [2023-12-21T23:58:49.396Z] [unzip] deflating: /Users/colelee/.cache/firebase/emulators/ui-v1.11.7/client/android-chrome-192x192.png
[debug] [2023-12-21T23:58:49.397Z] [unzip] Entry: server/ (compressed_size=0 bytes, uncompressed_size=0 bytes)
[debug] [2023-12-21T23:58:49.397Z] [unzip] Processing entry: server/
[debug] [2023-12-21T23:58:49.397Z] [unzip] mkdir: /Users/colelee/.cache/firebase/emulators/ui-v1.11.7/server/
[debug] [2023-12-21T23:58:49.397Z] [unzip] Entry: server/server.js (compressed_size=343746 bytes, uncompressed_size=1346374 bytes)
[debug] [2023-12-21T23:58:49.397Z] [unzip] Processing entry: server/server.js
[debug] [2023-12-21T23:58:49.397Z] [unzip] else mkdir: /Users/colelee/.cache/firebase/emulators/ui-v1.11.7/server
[debug] [2023-12-21T23:58:49.397Z] [unzip] deflating: /Users/colelee/.cache/firebase/emulators/ui-v1.11.7/server/server.js
[debug] [2023-12-21T23:58:49.408Z] [unzip] Entry: server/server.js.map (compressed_size=289157 bytes, uncompressed_size=1325651 bytes)
[debug] [2023-12-21T23:58:49.408Z] [unzip] Processing entry: server/server.js.map
[debug] [2023-12-21T23:58:49.408Z] [unzip] else mkdir: /Users/colelee/.cache/firebase/emulators/ui-v1.11.7/server
[debug] [2023-12-21T23:58:49.408Z] [unzip] deflating: /Users/colelee/.cache/firebase/emulators/ui-v1.11.7/server/server.js.map
[debug] [2023-12-21T23:58:49.412Z] Ignoring unsupported arg: auto_download {"metadata":{"emulator":{"name":"ui"},"message":"Ignoring unsupported arg: auto_download"}}
[debug] [2023-12-21T23:58:49.412Z] Ignoring unsupported arg: port {"metadata":{"emulator":{"name":"ui"},"message":"Ignoring unsupported arg: port"}}
[debug] [2023-12-21T23:58:49.412Z] Starting Emulator UI with command {"binary":"node","args":["/Users/colelee/.cache/firebase/emulators/ui-v1.11.7/server/server.js"],"optionalArgs":[],"joinArgs":false} {"metadata":{"emulator":{"name":"ui"},"message":"Starting Emulator UI with command {\"binary\":\"node\",\"args\":[\"/Users/colelee/.cache/firebase/emulators/ui-v1.11.7/server/server.js\"],\"optionalArgs\":[],\"joinArgs\":false}"}}
[info] i  ui: Emulator UI logging to ui-debug.log {"metadata":{"emulator":{"name":"ui"},"message":"Emulator UI logging to \u001b[1mui-debug.log\u001b[22m"}}
[debug] [2023-12-21T23:58:49.497Z] Web / API server started at 127.0.0.1:4000
 {"metadata":{"emulator":{"name":"ui"},"message":"Web / API server started at 127.0.0.1:4000\n"}}
[debug] [2023-12-21T23:58:49.497Z] Web / API server started at ::1:4000
 {"metadata":{"emulator":{"name":"ui"},"message":"Web / API server started at ::1:4000\n"}}
[info] 
┌─────────────────────────────────────────────────────────────┐
│ ✔  All emulators ready! It is now safe to connect your app. │
│ i  View Emulator UI at http://127.0.0.1:4000/               │
└─────────────────────────────────────────────────────────────┘

┌──────────┬────────────────┬────────────────────────────────┐
│ Emulator │ Host:Port      │ View in Emulator UI            │
├──────────┼────────────────┼────────────────────────────────┤
│ Database │ 127.0.0.1:9000 │ http://127.0.0.1:4000/database │
└──────────┴────────────────┴────────────────────────────────┘
  Emulator Hub running at 127.0.0.1:4400
  Other reserved ports: 4500

Issues? Report them at https://github.com/firebase/firebase-tools/issues and attach the *-debug.log files.
 
[debug] [2023-12-21T23:59:05.025Z] 23:59:05.025 [NamespaceSystem-akka.actor.default-dispatcher-7] INFO com.firebase.core.namespace.NamespaceActor - aoede-f00ec successfully activated FBKV (SurveyIdle(0)) wait: 177ms, init: 0ms
 {"metadata":{"emulator":{"name":"database"},"message":"23:59:05.025 [NamespaceSystem-akka.actor.default-dispatcher-7] INFO com.firebase.core.namespace.NamespaceActor - aoede-f00ec successfully activated FBKV (SurveyIdle(0)) wait: 177ms, init: 0ms\n"}}
